Start auto log messages stack - Iteration 1.	[MsgId: MMSG-10545]
Register.c(180): web_url("0000201_build-your-own-expensive-computer_125.jpeg") started  	[MsgId: MMSG-26355]
Register.c(180): Registering web_url("0000201_build-your-own-expensive-computer_125.jpeg") was successful  	[MsgId: MMSG-26390]
Register.c(188): web_url("0000204_simple-computer_125.jpeg") started  	[MsgId: MMSG-26355]
Register.c(188): Registering web_url("0000204_simple-computer_125.jpeg") was successful  	[MsgId: MMSG-26390]
Register.c(196): web_url("favicon.ico") started  	[MsgId: MMSG-26355]
Register.c(196): Registering web_url("favicon.ico") was successful  	[MsgId: MMSG-26390]
Register.c(204): web_concurrent_end started  	[MsgId: MMSG-26355]
Register.c(60): Error -27720: Step download timeout (120 seconds) has expired when downloading resource "https://demowebshop.tricentis.com/Scripts/jquery.validate.min.js". Set the "Step Timeout caused by resources is a warning" Runtime Setting to Yes/No to have this message as a warning/error, respectively   [issued at Register.c(204)]  	[MsgId: MERR-27720]
End auto log messages stack.	[MsgId: MMSG-10544]


Start auto log messages stack - Iteration 1.	[MsgId: MMSG-10545]
Register.c(362): web_url("__utm.gif_4") started  	[MsgId: MMSG-26355]
Register.c(362): web_url("__utm.gif_4") was successful, 35 body bytes, 861 header bytes  	[MsgId: MMSG-26386]
Ending action Register.	[MsgId: MMSG-15918]
Starting action Login.	[MsgId: MMSG-15919]
Login.c(4): web_add_auto_header("Accept-Language") started  	[MsgId: MMSG-26355]
Login.c(4): web_add_auto_header("Accept-Language") was successful  	[MsgId: MMSG-26392]
Login.c(7): web_url("logout") started  	[MsgId: MMSG-26355]
Login.c(7): Redirecting "https://demowebshop.tricentis.com/logout" (redirection depth is 0)  	[MsgId: MMSG-26694]
Login.c(7): To location "https://demowebshop.tricentis.com/"  	[MsgId: MMSG-26693]
Login.c(7): Error -27721: Step download timeout (120 seconds) has expired when downloading resource "https://demowebshop.tricentis.com/"  	[MsgId: MERR-27721]
End auto log messages stack.	[MsgId: MMSG-10544]


Start auto log messages stack - Iteration 2.	[MsgId: MMSG-10545]
Register.c(180): web_url("0000201_build-your-own-expensive-computer_125.jpeg") started  	[MsgId: MMSG-26355]
Register.c(180): Registering web_url("0000201_build-your-own-expensive-computer_125.jpeg") was successful  	[MsgId: MMSG-26390]
Register.c(188): web_url("0000204_simple-computer_125.jpeg") started  	[MsgId: MMSG-26355]
Register.c(188): Registering web_url("0000204_simple-computer_125.jpeg") was successful  	[MsgId: MMSG-26390]
Register.c(196): web_url("favicon.ico") started  	[MsgId: MMSG-26355]
Register.c(196): Registering web_url("favicon.ico") was successful  	[MsgId: MMSG-26390]
Register.c(204): web_concurrent_end started  	[MsgId: MMSG-26355]
Register.c(60): Error -27720: Step download timeout (120 seconds) has expired when downloading resource "https://demowebshop.tricentis.com/Scripts/jquery.validate.min.js". Set the "Step Timeout caused by resources is a warning" Runtime Setting to Yes/No to have this message as a warning/error, respectively   [issued at Register.c(204)]  	[MsgId: MERR-27720]
End auto log messages stack.	[MsgId: MMSG-10544]


Start auto log messages stack - Iteration 2.	[MsgId: MMSG-10545]
Register.c(180): web_url("0000201_build-your-own-expensive-computer_125.jpeg") started  	[MsgId: MMSG-26355]
Register.c(180): Registering web_url("0000201_build-your-own-expensive-computer_125.jpeg") was successful  	[MsgId: MMSG-26390]
Register.c(188): web_url("0000204_simple-computer_125.jpeg") started  	[MsgId: MMSG-26355]
Register.c(188): Registering web_url("0000204_simple-computer_125.jpeg") was successful  	[MsgId: MMSG-26390]
Register.c(196): web_url("favicon.ico") started  	[MsgId: MMSG-26355]
Register.c(196): Registering web_url("favicon.ico") was successful  	[MsgId: MMSG-26390]
Register.c(204): web_concurrent_end started  	[MsgId: MMSG-26355]
Register.c(68): Error -27720: Step download timeout (120 seconds) has expired when downloading resource "https://demowebshop.tricentis.com/Scripts/jquery.validate.unobtrusive.min.js". Set the "Step Timeout caused by resources is a warning" Runtime Setting to Yes/No to have this message as a warning/error, respectively   [issued at Register.c(204)]  	[MsgId: MERR-27720]
End auto log messages stack.	[MsgId: MMSG-10544]


